[debug] [2026-05-20T15:57:55.137Z] ----------------------------------------------------------------------
[debug] [2026-05-20T15:57:55.140Z] Command:       C:\Program Files\nodejs\node.exe C:\Users\ioann\AppData\Roaming\npm\node_modules\firebase-tools\lib\bin\firebase.js init
[debug] [2026-05-20T15:57:55.140Z] CLI Version:   15.18.0
[debug] [2026-05-20T15:57:55.140Z] Platform:      win32
[debug] [2026-05-20T15:57:55.141Z] Node Version:  v24.14.0
[debug] [2026-05-20T15:57:55.141Z] Time:          Wed May 20 2026 18:57:55 GMT+0300 (Eastern European Summer Time)
[debug] [2026-05-20T15:57:55.142Z] ----------------------------------------------------------------------
[debug] 
[info] 
     ######## #### ########  ######## ########     ###     ######  ########
     ##        ##  ##     ## ##       ##     ##  ##   ##  ##       ##
     ######    ##  ########  ######   ########  #########  ######  ######
     ##        ##  ##    ##  ##       ##     ## ##     ##       ## ##
     ##       #### ##     ## ######## ########  ##     ##  ######  ########

You're about to initialize a Firebase project in this directory:

  C:\Users\ioann\College ITB\ΠΤΥΧΙΑΚΗ\lucky-games-ai

[info] 
=== Project Setup
[info] 
[info] First, let's associate this project directory with a Firebase project.
[info] You can create multiple project aliases by running firebase use --add, 
[info] 
[debug] [2026-05-20T15:58:22.822Z] > command requires scopes: ["email","openid","https://www.googleapis.com/auth/cloudplatformprojects.readonly","https://www.googleapis.com/auth/firebase","https://www.googleapis.com/auth/cloud-platform"]
[debug] [2026-05-20T15:58:22.823Z] > authorizing via signed-in user (johnaslanis431@gmail.com)
[debug] [2026-05-20T15:58:22.826Z] Checked if tokens are valid: true, expires at: 1779296262833
[debug] [2026-05-20T15:58:22.826Z] Checked if tokens are valid: true, expires at: 1779296262833
[debug] [2026-05-20T15:58:22.830Z] >>> [apiv2][query] GET https://firebase.googleapis.com/v1beta1/projects pageSize=100
[debug] [2026-05-20T15:58:23.472Z] <<< [apiv2][status] GET https://firebase.googleapis.com/v1beta1/projects 200
[debug] [2026-05-20T15:58:23.472Z] <<< [apiv2][body] GET https://firebase.googleapis.com/v1beta1/projects [omitted]
[info] 
=== Hosting Setup
[info] 
[debug] [2026-05-20T15:58:42.690Z] Checked if tokens are valid: true, expires at: 1779296262833
[debug] [2026-05-20T15:58:42.691Z] Checked if tokens are valid: true, expires at: 1779296262833
[debug] [2026-05-20T15:58:42.692Z] >>> [apiv2][query] GET https://firebase.googleapis.com/v1beta1/projects/project-b7dfa [none]
[debug] [2026-05-20T15:58:43.066Z] <<< [apiv2][status] GET https://firebase.googleapis.com/v1beta1/projects/project-b7dfa 200
[debug] [2026-05-20T15:58:43.066Z] <<< [apiv2][body] GET https://firebase.googleapis.com/v1beta1/projects/project-b7dfa {"projectId":"project-b7dfa","projectNumber":"818874712485","displayName":"PROJECT","name":"projects/project-b7dfa","resources":{"hostingSite":"project-b7dfa"},"state":"ACTIVE","etag":"1_3977736e-54d6-4212-8154-7683b58445f9"}
[info] 
[info] Your public directory is the folder (relative to your project directory) that
[info] will contain Hosting assets to be uploaded with firebase deploy. If you
[info] have a build process for your assets, use your build's output directory.
[info] 
[info] 
[info] i  Detected a .git folder at C:\Users\ioann\College ITB\ΠΤΥΧΙΑΚΗ\lucky-games-ai 
[info] i  Authorizing with GitHub to upload your service account to a GitHub repository's secrets store. 
[info] 
[info] Visit this URL on this device to log in:
[info] https://github.com/login/oauth/authorize?client_id=89cf50f02ac6aaed3484&state=960471189&redirect_uri=http%3A%2F%2Flocalhost%3A9005&scope=read%3Auser%20repo%20public_repo
[info] 
[info] Waiting for authentication...
